<?xml version="1.0" encoding="UTF-8" ?>
<testsuite tests="9" failures="2" name="TestSuite" time="631.21" errors="0" skipped="0">
  <properties>
[...]
</properties>
  <testcase classname="com.orangehrmlive.DataProviderTest" name="f" time="604.809">
    <failure message="session not created
from timeout: Timed out receiving message from renderer: 600.000
  (Session info: chrome=86.0.4240.198)
Build info: version: &apos;3.141.59&apos;, revision: &apos;e82be7d358&apos;, time: &apos;2018-11-14T08:17:03&apos;
System info: host: &apos;LAPTOP-0H9ENQD4&apos;, ip: &apos;192.168.0.105&apos;, os.name: &apos;Windows 10&apos;, os.arch: &apos;amd64&apos;, os.version: &apos;10.0&apos;, java.version: &apos;1.8.0_271&apos;
Driver info: driver.version: ChromeDriver
remote stacktrace: Backtrace:
	Ordinal0 [0x00ECC013+3194899]
	Ordinal0 [0x00DB6021+2056225]
	Ordinal0 [0x00C4F608+587272]
	Ordinal0 [0x00C436EC+538348]
	Ordinal0 [0x00C42A6F+535151]
	Ordinal0 [0x00C42E45+536133]
	Ordinal0 [0x00C427A5+534437]
	Ordinal0 [0x00C4BBC9+572361]
	Ordinal0 [0x00C42754+534356]
	Ordinal0 [0x00C43475+537717]
	Ordinal0 [0x00C42A6F+535151]
	Ordinal0 [0x00C42E45+536133]
	Ordinal0 [0x00C427A5+534437]
	Ordinal0 [0x00C49EFE+564990]
	Ordinal0 [0x00C42754+534356]
	Ordinal0 [0x00C43475+537717]
	Ordinal0 [0x00C42A6F+535151]
	Ordinal0 [0x00C42E45+536133]
	Ordinal0 [0x00C427A5+534437]
	Ordinal0 [0x00C48186+557446]
	Ordinal0 [0x00C42754+534356]
	Ordinal0 [0x00C43475+537717]
	Ordinal0 [0x00C42A6F+535151]
	Ordinal0 [0x00C42E45+536133]
	Ordinal0 [0x00C427A5+534437]
	Ordinal0 [0x00C474A7+554151]
	Ordinal0 [0x00C42754+534356]
	Ordinal0 [0x00C43475+537717]
	Ordinal0 [0x00C42A6F+535151]
	Ordinal0 [0x00C42E45+536133]
	Ordinal0 [0x00C427A5+534437]
	Ordinal0 [0x00C3F06C+520300]
	Ordinal0 [0x00C42754+534356]
	Ordinal0 [0x00C425BF+533951]
	Ordinal0 [0x00C423D3+533459]
	Ordinal0 [0x00C50620+591392]
	Ordinal0 [0x00BF2A0C+207372]
	Ordinal0 [0x00BF1D0D+204045]
	Ordinal0 [0x00BEFC1B+195611]
	Ordinal0 [0x00BD3B7F+80767]
	Ordinal0 [0x00BD4B4E+84814]
	Ordinal0 [0x00BD4AD9+84697]
	Ordinal0 [0x00DCCE64+2149988]
	GetHandleVerifier [0x0103BE95+1400773]
	GetHandleVerifier [0x0103BB61+1399953]
	GetHandleVerifier [0x010431FA+1430314]
	GetHandleVerifier [0x0103C69F+1402831]
	Ordinal0 [0x00DC3D61+2112865]
	Ordinal0 [0x00DCE5CB+2155979]
	Ordinal0 [0x00DCE6F5+2156277]
	Ordinal0 [0x00DDF26E+2224750]
	BaseThreadInitThunk [0x75306359+25]
	RtlGetAppContainerNamedObjectPath [0x77B68944+228]
	RtlGetAppContainerNamedObjectPath [0x77B68914+180]
" type="org.openqa.selenium.SessionNotCreatedException">org.openqa.selenium.SessionNotCreatedException: session not created
from timeout: Timed out receiving message from renderer: 600.000
  (Session info: chrome=86.0.4240.198)
Build info: version: &apos;3.141.59&apos;, revision: &apos;e82be7d358&apos;, time: &apos;2018-11-14T08:17:03&apos;
System info: host: &apos;LAPTOP-0H9ENQD4&apos;, ip: &apos;192.168.0.105&apos;, os.name: &apos;Windows 10&apos;, os.arch: &apos;amd64&apos;, os.version: &apos;10.0&apos;, java.version: &apos;1.8.0_271&apos;
Driver info: driver.version: ChromeDriver
remote stacktrace: Backtrace:
	Ordinal0 [0x00ECC013+3194899]
	Ordinal0 [0x00DB6021+2056225]
	Ordinal0 [0x00C4F608+587272]
	Ordinal0 [0x00C436EC+538348]
	Ordinal0 [0x00C42A6F+535151]
	Ordinal0 [0x00C42E45+536133]
	Ordinal0 [0x00C427A5+534437]
	Ordinal0 [0x00C4BBC9+572361]
	Ordinal0 [0x00C42754+534356]
	Ordinal0 [0x00C43475+537717]
	Ordinal0 [0x00C42A6F+535151]
	Ordinal0 [0x00C42E45+536133]
	Ordinal0 [0x00C427A5+534437]
	Ordinal0 [0x00C49EFE+564990]
	Ordinal0 [0x00C42754+534356]
	Ordinal0 [0x00C43475+537717]
	Ordinal0 [0x00C42A6F+535151]
	Ordinal0 [0x00C42E45+536133]
	Ordinal0 [0x00C427A5+534437]
	Ordinal0 [0x00C48186+557446]
	Ordinal0 [0x00C42754+534356]
	Ordinal0 [0x00C43475+537717]
	Ordinal0 [0x00C42A6F+535151]
	Ordinal0 [0x00C42E45+536133]
	Ordinal0 [0x00C427A5+534437]
	Ordinal0 [0x00C474A7+554151]
	Ordinal0 [0x00C42754+534356]
	Ordinal0 [0x00C43475+537717]
	Ordinal0 [0x00C42A6F+535151]
	Ordinal0 [0x00C42E45+536133]
	Ordinal0 [0x00C427A5+534437]
	Ordinal0 [0x00C3F06C+520300]
	Ordinal0 [0x00C42754+534356]
	Ordinal0 [0x00C425BF+533951]
	Ordinal0 [0x00C423D3+533459]
	Ordinal0 [0x00C50620+591392]
	Ordinal0 [0x00BF2A0C+207372]
	Ordinal0 [0x00BF1D0D+204045]
	Ordinal0 [0x00BEFC1B+195611]
	Ordinal0 [0x00BD3B7F+80767]
	Ordinal0 [0x00BD4B4E+84814]
	Ordinal0 [0x00BD4AD9+84697]
	Ordinal0 [0x00DCCE64+2149988]
	GetHandleVerifier [0x0103BE95+1400773]
	GetHandleVerifier [0x0103BB61+1399953]
	GetHandleVerifier [0x010431FA+1430314]
	GetHandleVerifier [0x0103C69F+1402831]
	Ordinal0 [0x00DC3D61+2112865]
	Ordinal0 [0x00DCE5CB+2155979]
	Ordinal0 [0x00DCE6F5+2156277]
	Ordinal0 [0x00DDF26E+2224750]
	BaseThreadInitThunk [0x75306359+25]
	RtlGetAppContainerNamedObjectPath [0x77B68944+228]
	RtlGetAppContainerNamedObjectPath [0x77B68914+180]

	at sun.reflect.NativeConstructorAccessorImpl.newInstance0(Native Method)
	at sun.reflect.NativeConstructorAccessorImpl.newInstance(NativeConstructorAccessorImpl.java:62)
	at sun.reflect.DelegatingConstructorAccessorImpl.newInstance(DelegatingConstructorAccessorImpl.java:45)
	at java.lang.reflect.Constructor.newInstance(Constructor.java:423)
	at org.openqa.selenium.remote.W3CHandshakeResponse.lambda$errorHandler$0(W3CHandshakeResponse.java:62)
	at org.openqa.selenium.remote.HandshakeResponse.lambda$getResponseFunction$0(HandshakeResponse.java:30)
	at org.openqa.selenium.remote.ProtocolHandshake.lambda$createSession$0(ProtocolHandshake.java:126)
	at java.util.stream.ReferencePipeline$3$1.accept(ReferencePipeline.java:193)
	at java.util.Spliterators$ArraySpliterator.tryAdvance(Spliterators.java:958)
	at java.util.stream.ReferencePipeline.forEachWithCancel(ReferencePipeline.java:126)
	at java.util.stream.AbstractPipeline.copyIntoWithCancel(AbstractPipeline.java:499)
	at java.util.stream.AbstractPipeline.copyInto(AbstractPipeline.java:486)
	at java.util.stream.AbstractPipeline.wrapAndCopyInto(AbstractPipeline.java:472)
	at java.util.stream.FindOps$FindOp.evaluateSequential(FindOps.java:152)
	at java.util.stream.AbstractPipeline.evaluate(AbstractPipeline.java:234)
	at java.util.stream.ReferencePipeline.findFirst(ReferencePipeline.java:464)
	at org.openqa.selenium.remote.ProtocolHandshake.createSession(ProtocolHandshake.java:128)
	at org.openqa.selenium.remote.ProtocolHandshake.createSession(ProtocolHandshake.java:74)
	at org.openqa.selenium.remote.HttpCommandExecutor.execute(HttpCommandExecutor.java:136)
	at org.openqa.selenium.remote.service.DriverCommandExecutor.execute(DriverCommandExecutor.java:83)
	at org.openqa.selenium.remote.RemoteWebDriver.execute(RemoteWebDriver.java:552)
	at org.openqa.selenium.remote.RemoteWebDriver.startSession(RemoteWebDriver.java:213)
	at org.openqa.selenium.remote.RemoteWebDriver.&lt;init&gt;(RemoteWebDriver.java:131)
	at org.openqa.selenium.chrome.ChromeDriver.&lt;init&gt;(ChromeDriver.java:181)
	at org.openqa.selenium.chrome.ChromeDriver.&lt;init&gt;(ChromeDriver.java:168)
	at org.openqa.selenium.chrome.ChromeDriver.&lt;init&gt;(ChromeDriver.java:123)
	at com.orangehrmlive.DataProviderTest.f(DataProviderTest.java:17)
</failure>
    <system-out>Configuring TestNG with: org.apache.maven.surefire.testng.conf.TestNG652Configurator@2d363fb3
Username :test
Password :test123
</system-out>
    <system-err>Starting ChromeDriver 86.0.4240.22 (398b0743353ff36fb1b82468f63a3a93b4e2e89e-refs/branch-heads/4240@{#378}) on port 29388
Only local connections are allowed.
Please see https://chromedriver.chromium.org/security-considerations for suggestions on keeping ChromeDriver safe.
ChromeDriver was started successfully.
[1607350884.141][SEVERE]: Timed out receiving message from renderer: 600.000
</system-err>
  </testcase>
  <testcase classname="com.orangehrmlive.DataProviderTest" name="f" time="15.883"/>
  <testcase classname="com.orangehrmlive.GroupTest" name="adminmodule1" time="0"/>
  <testcase classname="com.orangehrmlive.GroupTest" name="adminmodule2" time="0"/>
  <testcase classname="com.orangehrmlive.GroupTest" name="leavemodule1" time="0"/>
  <testcase classname="com.orangehrmlive.GroupTest" name="leavemodule2" time="0.002"/>
  <testcase classname="com.orangehrmlive.TestNGDemo" name="adminTest" time="1.692"/>
  <testcase classname="com.orangehrmlive.TestNGDemo" name="leaveTest" time="3.628"/>
  <testcase classname="com.orangehrmlive.XmlTest" name="paratest" time="5.196">
    <failure message="
Parameter &apos;uname&apos; is required by @Test on method paratest but has not been marked @Optional or defined
" type="org.testng.TestNGException">org.testng.TestNGException: 
Parameter &apos;uname&apos; is required by @Test on method paratest but has not been marked @Optional or defined

	at org.testng.internal.Parameters.createParams(Parameters.java:290)
	at org.testng.internal.Parameters.createParametersForMethod(Parameters.java:359)
	at org.testng.internal.Parameters.createParameters(Parameters.java:620)
	at org.testng.internal.Parameters.handleParameters(Parameters.java:769)
	at org.testng.internal.ParameterHandler.handleParameters(ParameterHandler.java:49)
	at org.testng.internal.ParameterHandler.createParameters(ParameterHandler.java:37)
	at org.testng.internal.Invoker.invokeTestMethods(Invoker.java:924)
	at org.testng.internal.TestMethodWorker.invokeTestMethods(TestMethodWorker.java:125)
	at org.testng.internal.TestMethodWorker.run(TestMethodWorker.java:109)
	at org.testng.TestRunner.privateRun(TestRunner.java:648)
	at org.testng.TestRunner.run(TestRunner.java:505)
	at org.testng.SuiteRunner.runTest(SuiteRunner.java:455)
	at org.testng.SuiteRunner.runSequentially(SuiteRunner.java:450)
	at org.testng.SuiteRunner.privateRun(SuiteRunner.java:415)
	at org.testng.SuiteRunner.run(SuiteRunner.java:364)
	at org.testng.SuiteRunnerWorker.runSuite(SuiteRunnerWorker.java:52)
	at org.testng.SuiteRunnerWorker.run(SuiteRunnerWorker.java:84)
	at org.testng.TestNG.runSuitesSequentially(TestNG.java:1208)
	at org.testng.TestNG.runSuitesLocally(TestNG.java:1137)
	at org.testng.TestNG.runSuites(TestNG.java:1049)
	at org.testng.TestNG.run(TestNG.java:1017)
	at org.apache.maven.surefire.testng.TestNGExecutor.run(TestNGExecutor.java:77)
	at org.apache.maven.surefire.testng.TestNGDirectoryTestSuite.executeMulti(TestNGDirectoryTestSuite.java:159)
	at org.apache.maven.surefire.testng.TestNGDirectoryTestSuite.execute(TestNGDirectoryTestSuite.java:99)
	at org.apache.maven.surefire.testng.TestNGProvider.invoke(TestNGProvider.java:106)
	at sun.reflect.NativeMethodAccessorImpl.invoke0(Native Method)
	at sun.reflect.NativeMethodAccessorImpl.invoke(NativeMethodAccessorImpl.java:62)
	at sun.reflect.DelegatingMethodAccessorImpl.invoke(DelegatingMethodAccessorImpl.java:43)
	at java.lang.reflect.Method.invoke(Method.java:498)
	at org.apache.maven.surefire.util.ReflectionUtils.invokeMethodWithArray(ReflectionUtils.java:189)
	at org.apache.maven.surefire.booter.ProviderFactory$ProviderProxy.invoke(ProviderFactory.java:165)
	at org.apache.maven.surefire.booter.ProviderFactory.invokeProvider(ProviderFactory.java:85)
	at org.apache.maven.surefire.booter.ForkedBooter.runSuitesInProcess(ForkedBooter.java:115)
	at org.apache.maven.surefire.booter.ForkedBooter.main(ForkedBooter.java:75)
</failure>
    <system-err>[Utils] [ERROR] [Error] org.testng.TestNGException: 
Parameter &amp;apos;uname&amp;apos; is required by @Test on method paratest but has not been marked @Optional or defined

	at org.testng.internal.Parameters.createParams(Parameters.java:290)
	at org.testng.internal.Parameters.createParametersForMethod(Parameters.java:359)
	at org.testng.internal.Parameters.createParameters(Parameters.java:620)
	at org.testng.internal.Parameters.handleParameters(Parameters.java:769)
	at org.testng.internal.ParameterHandler.handleParameters(ParameterHandler.java:49)
	at org.testng.internal.ParameterHandler.createParameters(ParameterHandler.java:37)
	at org.testng.internal.Invoker.invokeTestMethods(Invoker.java:924)
	at org.testng.internal.TestMethodWorker.invokeTestMethods(TestMethodWorker.java:125)
	at org.testng.internal.TestMethodWorker.run(TestMethodWorker.java:109)
	at org.testng.TestRunner.privateRun(TestRunner.java:648)
	at org.testng.TestRunner.run(TestRunner.java:505)
	at org.testng.SuiteRunner.runTest(SuiteRunner.java:455)
	at org.testng.SuiteRunner.runSequentially(SuiteRunner.java:450)
	at org.testng.SuiteRunner.privateRun(SuiteRunner.java:415)
	at org.testng.SuiteRunner.run(SuiteRunner.java:364)
	at org.testng.SuiteRunnerWorker.runSuite(SuiteRunnerWorker.java:52)
	at org.testng.SuiteRunnerWorker.run(SuiteRunnerWorker.java:84)
	at org.testng.TestNG.runSuitesSequentially(TestNG.java:1208)
	at org.testng.TestNG.runSuitesLocally(TestNG.java:1137)
	at org.testng.TestNG.runSuites(TestNG.java:1049)
	at org.testng.TestNG.run(TestNG.java:1017)
	at org.apache.maven.surefire.testng.TestNGExecutor.run(TestNGExecutor.java:77)
	at org.apache.maven.surefire.testng.TestNGDirectoryTestSuite.executeMulti(TestNGDirectoryTestSuite.java:159)
	at org.apache.maven.surefire.testng.TestNGDirectoryTestSuite.execute(TestNGDirectoryTestSuite.java:99)
	at org.apache.maven.surefire.testng.TestNGProvider.invoke(TestNGProvider.java:106)
	at sun.reflect.NativeMethodAccessorImpl.invoke0(Native Method)
	at sun.reflect.NativeMethodAccessorImpl.invoke(NativeMethodAccessorImpl.java:62)
	at sun.reflect.DelegatingMethodAccessorImpl.invoke(DelegatingMethodAccessorImpl.java:43)
	at java.lang.reflect.Method.invoke(Method.java:498)
	at org.apache.maven.surefire.util.ReflectionUtils.invokeMethodWithArray(ReflectionUtils.java:189)
	at org.apache.maven.surefire.booter.ProviderFactory$ProviderProxy.invoke(ProviderFactory.java:165)
	at org.apache.maven.surefire.booter.ProviderFactory.invokeProvider(ProviderFactory.java:85)
	at org.apache.maven.surefire.booter.ForkedBooter.runSuitesInProcess(ForkedBooter.java:115)
	at org.apache.maven.surefire.booter.ForkedBooter.main(ForkedBooter.java:75)

</system-err>
  </testcase>
</testsuite>