<?xml version="1.0" encoding="UTF-8"?>
<testng-results skipped="0" failed="0" ignored="0" total="2" passed="2">
  <reporter-output>
  </reporter-output>
  <suite name="Default suite" duration-ms="115592" started-at="2020-12-07T13:24:17Z" finished-at="2020-12-07T13:26:12Z">
    <groups>
    </groups>
    <test name="Default test" duration-ms="115592" started-at="2020-12-07T13:24:17Z" finished-at="2020-12-07T13:26:12Z">
      <class name="com.orangehrmlive.DataProviderTest">
        <test-method status="PASS" signature="f(java.lang.String, java.lang.String)[pri:0, instance:com.orangehrmlive.DataProviderTest@147ed70f]" name="f" duration-ms="22469" started-at="2020-12-07T13:24:17Z" data-provider="dpTest" finished-at="2020-12-07T13:24:39Z">
          <params>
            <param index="0">
              <value>
                <![CDATA[test]]>
              </value>
            </param>
            <param index="1">
              <value>
                <![CDATA[test123]]>
              </value>
            </param>
          </params>
          <reporter-output>
          </reporter-output>
        </test-method> <!-- f -->
        <test-method status="PASS" signature="f(java.lang.String, java.lang.String)[pri:0, instance:com.orangehrmlive.DataProviderTest@147ed70f]" name="f" duration-ms="92746" started-at="2020-12-07T13:24:39Z" data-provider="dpTest" finished-at="2020-12-07T13:26:12Z">
          <params>
            <param index="0">
              <value>
                <![CDATA[Admin]]>
              </value>
            </param>
            <param index="1">
              <value>
                <![CDATA[admin123]]>
              </value>
            </param>
          </params>
          <reporter-output>
          </reporter-output>
        </test-method> <!-- f -->
      </class> <!-- com.orangehrmlive.DataProviderTest -->
    </test> <!-- Default test -->
  </suite> <!-- Default suite -->
</testng-results>
